PLINK v1.90b7.2 64-bit (11 Dec 2023)
Options in effect:
  --bfile snowcrab.maffiltered
  --fst
  --out fst_clusters
  --within MAFfilteredClusters.txt

Hostname: mcrg-Precision-7920-Tower
Working directory: /mnt/sdb/SnowCrab_LCWGS/MAF_Filtered_Plink
Start time: Fri Apr 10 15:47:43 2026

Random number seed: 1775846863
515578 MB RAM detected; reserving 257789 MB for main workspace.
8384961 variants loaded from .bim file.
1082 people (0 males, 0 females, 1082 ambiguous) loaded from .fam.
Ambiguous sex IDs written to fst_clusters.nosex .
--within: 2 clusters loaded, covering a total of 1082 people.
Using 1 thread (no multithreaded calculations invoked).
Before main variant filters, 1082 founders and 0 nonfounders present.
Calculating allele frequencies... done.
Total genotyping rate is 0.922657.
8384961 variants and 1082 people pass filters and QC.
Note: No phenotypes present.
Writing --fst report (2 populations) to fst_clusters.fst ... done.
8384961 markers with valid Fst estimates.
Mean Fst estimate: 0.00107182
Weighted Fst estimate: 0.0013173

End time: Fri Apr 10 15:47:58 2026
