PLINK v1.90b7.2 64-bit (11 Dec 2023)
Options in effect:
  --bfile snowcrab.maffiltered
  --het
  --keep cluster2_keep.txt
  --out het_cluster2

Hostname: mcrg-Precision-7920-Tower
Working directory: /mnt/sdb/SnowCrab_LCWGS/MAF_Filtered_Plink
Start time: Fri Apr 10 15:48:37 2026

Random number seed: 1775846917
515578 MB RAM detected; reserving 257789 MB for main workspace.
8384961 variants loaded from .bim file.
1082 people (0 males, 0 females, 1082 ambiguous) loaded from .fam.
Ambiguous sex IDs written to het_cluster2.nosex .
--keep: 343 people remaining.
Using 1 thread (no multithreaded calculations invoked).
Before main variant filters, 343 founders and 0 nonfounders present.
Calculating allele frequencies... done.
Total genotyping rate in remaining samples is 0.918138.
8384961 variants and 343 people pass filters and QC.
Note: No phenotypes present.
--het: 8384961 variants scanned, report written to het_cluster2.het .

End time: Fri Apr 10 15:48:47 2026
